<?xml version="1.0" encoding="UTF-8"?>
<testsuite xmlns:xsi="http://www.w3.org/2001/XMLSchema-instance" xsi:noNamespaceSchemaLocation="https://maven.apache.org/surefire/maven-surefire-plugin/xsd/surefire-test-report-3.0.xsd" version="3.0" name="TestSuite" time="55.365" tests="2" errors="0" skipped="0" failures="1">
  <properties>
    <property name="java.specification.version" value="21"/>
    <property name="sun.jnu.encoding" value="UTF-8"/>
    <property name="java.class.path" value="/Users/adityabiswas/Documents/browserstack-app-tests/bs-app-tests/target/test-classes:/Users/adityabiswas/Documents/browserstack-app-tests/bs-app-tests/target/classes:/Users/adityabiswas/.m2/repository/io/appium/java-client/8.3.0/java-client-8.3.0.jar:/Users/adityabiswas/.m2/repository/com/google/code/gson/gson/2.10/gson-2.10.jar:/Users/adityabiswas/.m2/repository/cglib/cglib/3.3.0/cglib-3.3.0.jar:/Users/adityabiswas/.m2/repository/org/ow2/asm/asm/7.1/asm-7.1.jar:/Users/adityabiswas/.m2/repository/commons-validator/commons-validator/1.7/commons-validator-1.7.jar:/Users/adityabiswas/.m2/repository/commons-beanutils/commons-beanutils/1.9.4/commons-beanutils-1.9.4.jar:/Users/adityabiswas/.m2/repository/commons-digester/commons-digester/2.1/commons-digester-2.1.jar:/Users/adityabiswas/.m2/repository/commons-logging/commons-logging/1.2/commons-logging-1.2.jar:/Users/adityabiswas/.m2/repository/commons-collections/commons-collections/3.2.2/commons-collections-3.2.2.jar:/Users/adityabiswas/.m2/repository/org/apache/commons/commons-lang3/3.12.0/commons-lang3-3.12.0.jar:/Users/adityabiswas/.m2/repository/commons-io/commons-io/2.11.0/commons-io-2.11.0.jar:/Users/adityabiswas/.m2/repository/org/slf4j/slf4j-api/2.0.5/slf4j-api-2.0.5.jar:/Users/adityabiswas/.m2/repository/org/seleniumhq/selenium/selenium-java/4.9.1/selenium-java-4.9.1.jar:/Users/adityabiswas/.m2/repository/org/seleniumhq/selenium/selenium-api/4.9.1/selenium-api-4.9.1.jar:/Users/adityabiswas/.m2/repository/org/seleniumhq/selenium/selenium-chrome-driver/4.9.1/selenium-chrome-driver-4.9.1.jar:/Users/adityabiswas/.m2/repository/com/google/auto/service/auto-service-annotations/1.0.1/auto-service-annotations-1.0.1.jar:/Users/adityabiswas/.m2/repository/com/google/auto/service/auto-service/1.0.1/auto-service-1.0.1.jar:/Users/adityabiswas/.m2/repository/com/google/auto/auto-common/1.2/auto-common-1.2.jar:/Users/adityabiswas/.m2/repository/com/google/guava/guava/31.1-jre/guava-31.1-jre.jar:/Users/adityabiswas/.m2/repository/com/google/guava/failureaccess/1.0.1/failureaccess-1.0.1.jar:/Users/adityabiswas/.m2/repository/com/google/guava/listenablefuture/9999.0-empty-to-avoid-conflict-with-guava/listenablefuture-9999.0-empty-to-avoid-conflict-with-guava.jar:/Users/adityabiswas/.m2/repository/com/google/code/findbugs/jsr305/3.0.2/jsr305-3.0.2.jar:/Users/adityabiswas/.m2/repository/org/checkerframework/checker-qual/3.12.0/checker-qual-3.12.0.jar:/Users/adityabiswas/.m2/repository/com/google/errorprone/error_prone_annotations/2.11.0/error_prone_annotations-2.11.0.jar:/Users/adityabiswas/.m2/repository/com/google/j2objc/j2objc-annotations/1.3/j2objc-annotations-1.3.jar:/Users/adityabiswas/.m2/repository/org/seleniumhq/selenium/selenium-chromium-driver/4.9.1/selenium-chromium-driver-4.9.1.jar:/Users/adityabiswas/.m2/repository/org/seleniumhq/selenium/selenium-json/4.9.1/selenium-json-4.9.1.jar:/Users/adityabiswas/.m2/repository/org/seleniumhq/selenium/selenium-manager/4.9.1/selenium-manager-4.9.1.jar:/Users/adityabiswas/.m2/repository/org/seleniumhq/selenium/selenium-devtools-v111/4.9.1/selenium-devtools-v111-4.9.1.jar:/Users/adityabiswas/.m2/repository/org/seleniumhq/selenium/selenium-devtools-v112/4.9.1/selenium-devtools-v112-4.9.1.jar:/Users/adityabiswas/.m2/repository/org/seleniumhq/selenium/selenium-devtools-v113/4.9.1/selenium-devtools-v113-4.9.1.jar:/Users/adityabiswas/.m2/repository/org/seleniumhq/selenium/selenium-devtools-v85/4.9.1/selenium-devtools-v85-4.9.1.jar:/Users/adityabiswas/.m2/repository/org/seleniumhq/selenium/selenium-edge-driver/4.9.1/selenium-edge-driver-4.9.1.jar:/Users/adityabiswas/.m2/repository/org/seleniumhq/selenium/selenium-firefox-driver/4.9.1/selenium-firefox-driver-4.9.1.jar:/Users/adityabiswas/.m2/repository/org/seleniumhq/selenium/selenium-http/4.9.1/selenium-http-4.9.1.jar:/Users/adityabiswas/.m2/repository/dev/failsafe/failsafe/3.3.1/failsafe-3.3.1.jar:/Users/adityabiswas/.m2/repository/org/seleniumhq/selenium/selenium-ie-driver/4.9.1/selenium-ie-driver-4.9.1.jar:/Users/adityabiswas/.m2/repository/org/seleniumhq/selenium/selenium-remote-driver/4.9.1/selenium-remote-driver-4.9.1.jar:/Users/adityabiswas/.m2/repository/io/netty/netty-buffer/4.1.91.Final/netty-buffer-4.1.91.Final.jar:/Users/adityabiswas/.m2/repository/io/netty/netty-codec-http/4.1.91.Final/netty-codec-http-4.1.91.Final.jar:/Users/adityabiswas/.m2/repository/io/netty/netty-codec/4.1.91.Final/netty-codec-4.1.91.Final.jar:/Users/adityabiswas/.m2/repository/io/netty/netty-handler/4.1.91.Final/netty-handler-4.1.91.Final.jar:/Users/adityabiswas/.m2/repository/io/netty/netty-common/4.1.91.Final/netty-common-4.1.91.Final.jar:/Users/adityabiswas/.m2/repository/io/netty/netty-transport-classes-epoll/4.1.91.Final/netty-transport-classes-epoll-4.1.91.Final.jar:/Users/adityabiswas/.m2/repository/io/netty/netty-transport-classes-kqueue/4.1.91.Final/netty-transport-classes-kqueue-4.1.91.Final.jar:/Users/adityabiswas/.m2/repository/io/netty/netty-transport-native-epoll/4.1.91.Final/netty-transport-native-epoll-4.1.91.Final.jar:/Users/adityabiswas/.m2/repository/io/netty/netty-transport-native-kqueue/4.1.91.Final/netty-transport-native-kqueue-4.1.91.Final.jar:/Users/adityabiswas/.m2/repository/io/netty/netty-transport-native-unix-common/4.1.91.Final/netty-transport-native-unix-common-4.1.91.Final.jar:/Users/adityabiswas/.m2/repository/io/netty/netty-transport/4.1.91.Final/netty-transport-4.1.91.Final.jar:/Users/adityabiswas/.m2/repository/io/netty/netty-resolver/4.1.91.Final/netty-resolver-4.1.91.Final.jar:/Users/adityabiswas/.m2/repository/io/opentelemetry/opentelemetry-api/1.25.0/opentelemetry-api-1.25.0.jar:/Users/adityabiswas/.m2/repository/io/opentelemetry/opentelemetry-context/1.25.0/opentelemetry-context-1.25.0.jar:/Users/adityabiswas/.m2/repository/io/opentelemetry/opentelemetry-exporter-logging/1.25.0/opentelemetry-exporter-logging-1.25.0.jar:/Users/adityabiswas/.m2/repository/io/opentelemetry/opentelemetry-sdk-metrics/1.25.0/opentelemetry-sdk-metrics-1.25.0.jar:/Users/adityabiswas/.m2/repository/io/opentelemetry/opentelemetry-sdk-logs/1.25.0-alpha/opentelemetry-sdk-logs-1.25.0-alpha.jar:/Users/adityabiswas/.m2/repository/io/opentelemetry/opentelemetry-api-logs/1.25.0-alpha/opentelemetry-api-logs-1.25.0-alpha.jar:/Users/adityabiswas/.m2/repository/io/opentelemetry/opentelemetry-api-events/1.25.0-alpha/opentelemetry-api-events-1.25.0-alpha.jar:/Users/adityabiswas/.m2/repository/io/opentelemetry/opentelemetry-sdk-common/1.25.0/opentelemetry-sdk-common-1.25.0.jar:/Users/adityabiswas/.m2/repository/io/opentelemetry/opentelemetry-sdk-extension-autoconfigure-spi/1.25.0/opentelemetry-sdk-extension-autoconfigure-spi-1.25.0.jar:/Users/adityabiswas/.m2/repository/io/opentelemetry/opentelemetry-sdk-extension-autoconfigure/1.25.0-alpha/opentelemetry-sdk-extension-autoconfigure-1.25.0-alpha.jar:/Users/adityabiswas/.m2/repository/io/opentelemetry/opentelemetry-sdk-trace/1.25.0/opentelemetry-sdk-trace-1.25.0.jar:/Users/adityabiswas/.m2/repository/io/opentelemetry/opentelemetry-sdk/1.25.0/opentelemetry-sdk-1.25.0.jar:/Users/adityabiswas/.m2/repository/io/opentelemetry/opentelemetry-semconv/1.25.0-alpha/opentelemetry-semconv-1.25.0-alpha.jar:/Users/adityabiswas/.m2/repository/io/ous/jtoml/2.0.0/jtoml-2.0.0.jar:/Users/adityabiswas/.m2/repository/net/bytebuddy/byte-buddy/1.14.4/byte-buddy-1.14.4.jar:/Users/adityabiswas/.m2/repository/org/apache/commons/commons-exec/1.3/commons-exec-1.3.jar:/Users/adityabiswas/.m2/repository/org/asynchttpclient/async-http-client/2.12.3/async-http-client-2.12.3.jar:/Users/adityabiswas/.m2/repository/org/asynchttpclient/async-http-client-netty-utils/2.12.3/async-http-client-netty-utils-2.12.3.jar:/Users/adityabiswas/.m2/repository/io/netty/netty-codec-socks/4.1.60.Final/netty-codec-socks-4.1.60.Final.jar:/Users/adityabiswas/.m2/repository/io/netty/netty-handler-proxy/4.1.60.Final/netty-handler-proxy-4.1.60.Final.jar:/Users/adityabiswas/.m2/repository/io/netty/netty-transport-native-epoll/4.1.60.Final/netty-transport-native-epoll-4.1.60.Final-linux-x86_64.jar:/Users/adityabiswas/.m2/repository/io/netty/netty-transport-native-kqueue/4.1.60.Final/netty-transport-native-kqueue-4.1.60.Final-osx-x86_64.jar:/Users/adityabiswas/.m2/repository/org/reactivestreams/reactive-streams/1.0.3/reactive-streams-1.0.3.jar:/Users/adityabiswas/.m2/repository/com/typesafe/netty/netty-reactive-streams/2.0.4/netty-reactive-streams-2.0.4.jar:/Users/adityabiswas/.m2/repository/com/sun/activation/jakarta.activation/1.2.2/jakarta.activation-1.2.2.jar:/Users/adityabiswas/.m2/repository/org/seleniumhq/selenium/selenium-safari-driver/4.9.1/selenium-safari-driver-4.9.1.jar:/Users/adityabiswas/.m2/repository/org/seleniumhq/selenium/selenium-support/4.9.1/selenium-support-4.9.1.jar:/Users/adityabiswas/.m2/repository/org/testng/testng/7.8.0/testng-7.8.0.jar:/Users/adityabiswas/.m2/repository/com/beust/jcommander/1.82/jcommander-1.82.jar:/Users/adityabiswas/.m2/repository/org/webjars/jquery/3.6.1/jquery-3.6.1.jar:"/>
    <property name="java.vm.vendor" value="Oracle Corporation"/>
    <property name="sun.arch.data.model" value="64"/>
    <property name="java.vendor.url" value="https://java.oracle.com/"/>
    <property name="user.timezone" value="Asia/Kolkata"/>
    <property name="os.name" value="Mac OS X"/>
    <property name="java.vm.specification.version" value="21"/>
    <property name="sun.java.launcher" value="SUN_STANDARD"/>
    <property name="user.country" value="US"/>
    <property name="sun.boot.library.path" value="/Library/Java/JavaVirtualMachines/jdk-21.jdk/Contents/Home/lib"/>
    <property name="sun.java.command" value="/Users/adityabiswas/Documents/browserstack-app-tests/bs-app-tests/target/surefire/surefirebooter-20250519175945463_3.jar /Users/adityabiswas/Documents/browserstack-app-tests/bs-app-tests/target/surefire 2025-05-19T17-59-45_431-jvmRun1 surefire-20250519175945463_1tmp surefire_0-20250519175945463_2tmp"/>
    <property name="jdk.debug" value="release"/>
    <property name="surefire.test.class.path" value="/Users/adityabiswas/Documents/browserstack-app-tests/bs-app-tests/target/test-classes:/Users/adityabiswas/Documents/browserstack-app-tests/bs-app-tests/target/classes:/Users/adityabiswas/.m2/repository/io/appium/java-client/8.3.0/java-client-8.3.0.jar:/Users/adityabiswas/.m2/repository/com/google/code/gson/gson/2.10/gson-2.10.jar:/Users/adityabiswas/.m2/repository/cglib/cglib/3.3.0/cglib-3.3.0.jar:/Users/adityabiswas/.m2/repository/org/ow2/asm/asm/7.1/asm-7.1.jar:/Users/adityabiswas/.m2/repository/commons-validator/commons-validator/1.7/commons-validator-1.7.jar:/Users/adityabiswas/.m2/repository/commons-beanutils/commons-beanutils/1.9.4/commons-beanutils-1.9.4.jar:/Users/adityabiswas/.m2/repository/commons-digester/commons-digester/2.1/commons-digester-2.1.jar:/Users/adityabiswas/.m2/repository/commons-logging/commons-logging/1.2/commons-logging-1.2.jar:/Users/adityabiswas/.m2/repository/commons-collections/commons-collections/3.2.2/commons-collections-3.2.2.jar:/Users/adityabiswas/.m2/repository/org/apache/commons/commons-lang3/3.12.0/commons-lang3-3.12.0.jar:/Users/adityabiswas/.m2/repository/commons-io/commons-io/2.11.0/commons-io-2.11.0.jar:/Users/adityabiswas/.m2/repository/org/slf4j/slf4j-api/2.0.5/slf4j-api-2.0.5.jar:/Users/adityabiswas/.m2/repository/org/seleniumhq/selenium/selenium-java/4.9.1/selenium-java-4.9.1.jar:/Users/adityabiswas/.m2/repository/org/seleniumhq/selenium/selenium-api/4.9.1/selenium-api-4.9.1.jar:/Users/adityabiswas/.m2/repository/org/seleniumhq/selenium/selenium-chrome-driver/4.9.1/selenium-chrome-driver-4.9.1.jar:/Users/adityabiswas/.m2/repository/com/google/auto/service/auto-service-annotations/1.0.1/auto-service-annotations-1.0.1.jar:/Users/adityabiswas/.m2/repository/com/google/auto/service/auto-service/1.0.1/auto-service-1.0.1.jar:/Users/adityabiswas/.m2/repository/com/google/auto/auto-common/1.2/auto-common-1.2.jar:/Users/adityabiswas/.m2/repository/com/google/guava/guava/31.1-jre/guava-31.1-jre.jar:/Users/adityabiswas/.m2/repository/com/google/guava/failureaccess/1.0.1/failureaccess-1.0.1.jar:/Users/adityabiswas/.m2/repository/com/google/guava/listenablefuture/9999.0-empty-to-avoid-conflict-with-guava/listenablefuture-9999.0-empty-to-avoid-conflict-with-guava.jar:/Users/adityabiswas/.m2/repository/com/google/code/findbugs/jsr305/3.0.2/jsr305-3.0.2.jar:/Users/adityabiswas/.m2/repository/org/checkerframework/checker-qual/3.12.0/checker-qual-3.12.0.jar:/Users/adityabiswas/.m2/repository/com/google/errorprone/error_prone_annotations/2.11.0/error_prone_annotations-2.11.0.jar:/Users/adityabiswas/.m2/repository/com/google/j2objc/j2objc-annotations/1.3/j2objc-annotations-1.3.jar:/Users/adityabiswas/.m2/repository/org/seleniumhq/selenium/selenium-chromium-driver/4.9.1/selenium-chromium-driver-4.9.1.jar:/Users/adityabiswas/.m2/repository/org/seleniumhq/selenium/selenium-json/4.9.1/selenium-json-4.9.1.jar:/Users/adityabiswas/.m2/repository/org/seleniumhq/selenium/selenium-manager/4.9.1/selenium-manager-4.9.1.jar:/Users/adityabiswas/.m2/repository/org/seleniumhq/selenium/selenium-devtools-v111/4.9.1/selenium-devtools-v111-4.9.1.jar:/Users/adityabiswas/.m2/repository/org/seleniumhq/selenium/selenium-devtools-v112/4.9.1/selenium-devtools-v112-4.9.1.jar:/Users/adityabiswas/.m2/repository/org/seleniumhq/selenium/selenium-devtools-v113/4.9.1/selenium-devtools-v113-4.9.1.jar:/Users/adityabiswas/.m2/repository/org/seleniumhq/selenium/selenium-devtools-v85/4.9.1/selenium-devtools-v85-4.9.1.jar:/Users/adityabiswas/.m2/repository/org/seleniumhq/selenium/selenium-edge-driver/4.9.1/selenium-edge-driver-4.9.1.jar:/Users/adityabiswas/.m2/repository/org/seleniumhq/selenium/selenium-firefox-driver/4.9.1/selenium-firefox-driver-4.9.1.jar:/Users/adityabiswas/.m2/repository/org/seleniumhq/selenium/selenium-http/4.9.1/selenium-http-4.9.1.jar:/Users/adityabiswas/.m2/repository/dev/failsafe/failsafe/3.3.1/failsafe-3.3.1.jar:/Users/adityabiswas/.m2/repository/org/seleniumhq/selenium/selenium-ie-driver/4.9.1/selenium-ie-driver-4.9.1.jar:/Users/adityabiswas/.m2/repository/org/seleniumhq/selenium/selenium-remote-driver/4.9.1/selenium-remote-driver-4.9.1.jar:/Users/adityabiswas/.m2/repository/io/netty/netty-buffer/4.1.91.Final/netty-buffer-4.1.91.Final.jar:/Users/adityabiswas/.m2/repository/io/netty/netty-codec-http/4.1.91.Final/netty-codec-http-4.1.91.Final.jar:/Users/adityabiswas/.m2/repository/io/netty/netty-codec/4.1.91.Final/netty-codec-4.1.91.Final.jar:/Users/adityabiswas/.m2/repository/io/netty/netty-handler/4.1.91.Final/netty-handler-4.1.91.Final.jar:/Users/adityabiswas/.m2/repository/io/netty/netty-common/4.1.91.Final/netty-common-4.1.91.Final.jar:/Users/adityabiswas/.m2/repository/io/netty/netty-transport-classes-epoll/4.1.91.Final/netty-transport-classes-epoll-4.1.91.Final.jar:/Users/adityabiswas/.m2/repository/io/netty/netty-transport-classes-kqueue/4.1.91.Final/netty-transport-classes-kqueue-4.1.91.Final.jar:/Users/adityabiswas/.m2/repository/io/netty/netty-transport-native-epoll/4.1.91.Final/netty-transport-native-epoll-4.1.91.Final.jar:/Users/adityabiswas/.m2/repository/io/netty/netty-transport-native-kqueue/4.1.91.Final/netty-transport-native-kqueue-4.1.91.Final.jar:/Users/adityabiswas/.m2/repository/io/netty/netty-transport-native-unix-common/4.1.91.Final/netty-transport-native-unix-common-4.1.91.Final.jar:/Users/adityabiswas/.m2/repository/io/netty/netty-transport/4.1.91.Final/netty-transport-4.1.91.Final.jar:/Users/adityabiswas/.m2/repository/io/netty/netty-resolver/4.1.91.Final/netty-resolver-4.1.91.Final.jar:/Users/adityabiswas/.m2/repository/io/opentelemetry/opentelemetry-api/1.25.0/opentelemetry-api-1.25.0.jar:/Users/adityabiswas/.m2/repository/io/opentelemetry/opentelemetry-context/1.25.0/opentelemetry-context-1.25.0.jar:/Users/adityabiswas/.m2/repository/io/opentelemetry/opentelemetry-exporter-logging/1.25.0/opentelemetry-exporter-logging-1.25.0.jar:/Users/adityabiswas/.m2/repository/io/opentelemetry/opentelemetry-sdk-metrics/1.25.0/opentelemetry-sdk-metrics-1.25.0.jar:/Users/adityabiswas/.m2/repository/io/opentelemetry/opentelemetry-sdk-logs/1.25.0-alpha/opentelemetry-sdk-logs-1.25.0-alpha.jar:/Users/adityabiswas/.m2/repository/io/opentelemetry/opentelemetry-api-logs/1.25.0-alpha/opentelemetry-api-logs-1.25.0-alpha.jar:/Users/adityabiswas/.m2/repository/io/opentelemetry/opentelemetry-api-events/1.25.0-alpha/opentelemetry-api-events-1.25.0-alpha.jar:/Users/adityabiswas/.m2/repository/io/opentelemetry/opentelemetry-sdk-common/1.25.0/opentelemetry-sdk-common-1.25.0.jar:/Users/adityabiswas/.m2/repository/io/opentelemetry/opentelemetry-sdk-extension-autoconfigure-spi/1.25.0/opentelemetry-sdk-extension-autoconfigure-spi-1.25.0.jar:/Users/adityabiswas/.m2/repository/io/opentelemetry/opentelemetry-sdk-extension-autoconfigure/1.25.0-alpha/opentelemetry-sdk-extension-autoconfigure-1.25.0-alpha.jar:/Users/adityabiswas/.m2/repository/io/opentelemetry/opentelemetry-sdk-trace/1.25.0/opentelemetry-sdk-trace-1.25.0.jar:/Users/adityabiswas/.m2/repository/io/opentelemetry/opentelemetry-sdk/1.25.0/opentelemetry-sdk-1.25.0.jar:/Users/adityabiswas/.m2/repository/io/opentelemetry/opentelemetry-semconv/1.25.0-alpha/opentelemetry-semconv-1.25.0-alpha.jar:/Users/adityabiswas/.m2/repository/io/ous/jtoml/2.0.0/jtoml-2.0.0.jar:/Users/adityabiswas/.m2/repository/net/bytebuddy/byte-buddy/1.14.4/byte-buddy-1.14.4.jar:/Users/adityabiswas/.m2/repository/org/apache/commons/commons-exec/1.3/commons-exec-1.3.jar:/Users/adityabiswas/.m2/repository/org/asynchttpclient/async-http-client/2.12.3/async-http-client-2.12.3.jar:/Users/adityabiswas/.m2/repository/org/asynchttpclient/async-http-client-netty-utils/2.12.3/async-http-client-netty-utils-2.12.3.jar:/Users/adityabiswas/.m2/repository/io/netty/netty-codec-socks/4.1.60.Final/netty-codec-socks-4.1.60.Final.jar:/Users/adityabiswas/.m2/repository/io/netty/netty-handler-proxy/4.1.60.Final/netty-handler-proxy-4.1.60.Final.jar:/Users/adityabiswas/.m2/repository/io/netty/netty-transport-native-epoll/4.1.60.Final/netty-transport-native-epoll-4.1.60.Final-linux-x86_64.jar:/Users/adityabiswas/.m2/repository/io/netty/netty-transport-native-kqueue/4.1.60.Final/netty-transport-native-kqueue-4.1.60.Final-osx-x86_64.jar:/Users/adityabiswas/.m2/repository/org/reactivestreams/reactive-streams/1.0.3/reactive-streams-1.0.3.jar:/Users/adityabiswas/.m2/repository/com/typesafe/netty/netty-reactive-streams/2.0.4/netty-reactive-streams-2.0.4.jar:/Users/adityabiswas/.m2/repository/com/sun/activation/jakarta.activation/1.2.2/jakarta.activation-1.2.2.jar:/Users/adityabiswas/.m2/repository/org/seleniumhq/selenium/selenium-safari-driver/4.9.1/selenium-safari-driver-4.9.1.jar:/Users/adityabiswas/.m2/repository/org/seleniumhq/selenium/selenium-support/4.9.1/selenium-support-4.9.1.jar:/Users/adityabiswas/.m2/repository/org/testng/testng/7.8.0/testng-7.8.0.jar:/Users/adityabiswas/.m2/repository/com/beust/jcommander/1.82/jcommander-1.82.jar:/Users/adityabiswas/.m2/repository/org/webjars/jquery/3.6.1/jquery-3.6.1.jar:"/>
    <property name="sun.cpu.endian" value="little"/>
    <property name="user.home" value="/Users/adityabiswas"/>
    <property name="user.language" value="en"/>
    <property name="java.specification.vendor" value="Oracle Corporation"/>
    <property name="java.version.date" value="2025-04-15"/>
    <property name="java.home" value="/Library/Java/JavaVirtualMachines/jdk-21.jdk/Contents/Home"/>
    <property name="file.separator" value="/"/>
    <property name="basedir" value="/Users/adityabiswas/Documents/browserstack-app-tests/bs-app-tests"/>
    <property name="java.vm.compressedOopsMode" value="Zero based"/>
    <property name="line.separator" value="&#10;"/>
    <property name="java.specification.name" value="Java Platform API Specification"/>
    <property name="java.vm.specification.vendor" value="Oracle Corporation"/>
    <property name="apple.awt.application.name" value="ForkedBooter"/>
    <property name="surefire.real.class.path" value="/Users/adityabiswas/Documents/browserstack-app-tests/bs-app-tests/target/surefire/surefirebooter-20250519175945463_3.jar"/>
    <property name="sun.management.compiler" value="HotSpot 64-Bit Tiered Compilers"/>
    <property name="java.runtime.version" value="21.0.7+8-LTS-245"/>
    <property name="user.name" value="adityabiswas"/>
    <property name="stdout.encoding" value="UTF-8"/>
    <property name="path.separator" value=":"/>
    <property name="os.version" value="15.4.1"/>
    <property name="java.runtime.name" value="Java(TM) SE Runtime Environment"/>
    <property name="file.encoding" value="UTF-8"/>
    <property name="java.vm.name" value="Java HotSpot(TM) 64-Bit Server VM"/>
    <property name="localRepository" value="/Users/adityabiswas/.m2/repository"/>
    <property name="java.vendor.url.bug" value="https://bugreport.java.com/bugreport/"/>
    <property name="java.io.tmpdir" value="/var/folders/0t/36c8kr6n38g2w2vkzv7lv9sr0000gn/T/"/>
    <property name="java.version" value="21.0.7"/>
    <property name="user.dir" value="/Users/adityabiswas/Documents/browserstack-app-tests/bs-app-tests"/>
    <property name="os.arch" value="aarch64"/>
    <property name="java.vm.specification.name" value="Java Virtual Machine Specification"/>
    <property name="native.encoding" value="UTF-8"/>
    <property name="java.library.path" value="/Users/adityabiswas/Library/Java/Extensions:/Library/Java/Extensions:/Network/Library/Java/Extensions:/System/Library/Java/Extensions:/usr/lib/java:."/>
    <property name="java.vm.info" value="mixed mode, sharing"/>
    <property name="stderr.encoding" value="UTF-8"/>
    <property name="java.vendor" value="Oracle Corporation"/>
    <property name="java.vm.version" value="21.0.7+8-LTS-245"/>
    <property name="sun.io.unicode.encoding" value="UnicodeBig"/>
    <property name="java.class.version" value="65.0"/>
  </properties>
  <testcase name="searchForBrowserStack" classname="com.browserstack.app.WikipediaSearchTest" time="8.015">
    <system-err><![CDATA[SLF4J: No SLF4J providers were found.
SLF4J: Defaulting to no-operation (NOP) logger implementation
SLF4J: See https://www.slf4j.org/codes.html#noProviders for further details.
]]></system-err>
  </testcase>
  <testcase name="searchForBrowserStack" classname="com.browserstack.app.WikipediaSearchiOSTest" time="5.232">
    <failure message="An element could not be located on the page using the given search parameters.&#10;For documentation on this error, please visit: https://selenium.dev/exceptions/#no_such_element&#10;Build info: version: &apos;4.9.1&apos;, revision: &apos;eb2032df7f&apos;&#10;System info: os.name: &apos;Mac OS X&apos;, os.arch: &apos;aarch64&apos;, os.version: &apos;15.4.1&apos;, java.version: &apos;21.0.7&apos;&#10;Driver info: io.appium.java_client.ios.IOSDriver&#10;Command: [384d189eb69640de42d6c55bda0c666cd06b51fe, findElement {using=accessibility id, value=Search Wikipedia}]&#10;Capabilities {appium:autoAcceptAlerts: true, appium:automationName: XCUITest, appium:bootstrapPath: /usr/local/.browserstack/co..., appium:browserstack.isTargetBased: true, appium:browserstack.key: wkawewzdsyzzeyj1ckdz, appium:browserstack.user: adityabiswas_sdjd3r, appium:build: build-ios-1, appium:bundleID: com.browserstack.sample-ios, appium:bundleId: com.browserstack.Sample-iOS, appium:databaseEnabled: false, appium:deviceName: iphone 14, appium:deviceOrientation: PORTRAIT, appium:javascriptEnabled: true, appium:keychainPassword: [REDACTED VALUE], appium:keychainPath: [REDACTED VALUE], appium:locationContextEnabled: false, appium:name: wikipedia search test - ios, appium:networkConnectionEnabled: false, appium:newCommandTimeout: 0, appium:noReset: true, appium:orientation: PORTRAIT, appium:os_version: 16, appium:project: wikipedia ios test, appium:realMobile: true, appium:safariIgnoreFraudWarning: true, appium:safariInitialUrl: http://mobile-internet-chec..., appium:takesScreenshot: true, appium:udid: 00008110-000C61420111401E, appium:useXctestrunFile: true, appium:waitForQuiescence: false, appium:wdaStartupRetries: 3, appium:webStorageEnabled: false, appium:webkitResponseTimeout: 20000, bstack:options: {accessKey: WkawewzDsyzzeyJ1CkDZ, userName: adityabiswas_SDJd3R}, platformName: IOS}&#10;Session ID: 384d189eb69640de42d6c55bda0c666cd06b51fe" type="org.openqa.selenium.NoSuchElementException"><![CDATA[org.openqa.selenium.NoSuchElementException: 
An element could not be located on the page using the given search parameters.
For documentation on this error, please visit: https://selenium.dev/exceptions/#no_such_element
Build info: version: '4.9.1', revision: 'eb2032df7f'
System info: os.name: 'Mac OS X', os.arch: 'aarch64', os.version: '15.4.1', java.version: '21.0.7'
Driver info: io.appium.java_client.ios.IOSDriver
Command: [384d189eb69640de42d6c55bda0c666cd06b51fe, findElement {using=accessibility id, value=Search Wikipedia}]
Capabilities {appium:autoAcceptAlerts: true, appium:automationName: XCUITest, appium:bootstrapPath: /usr/local/.browserstack/co..., appium:browserstack.isTargetBased: true, appium:browserstack.key: wkawewzdsyzzeyj1ckdz, appium:browserstack.user: adityabiswas_sdjd3r, appium:build: build-ios-1, appium:bundleID: com.browserstack.sample-ios, appium:bundleId: com.browserstack.Sample-iOS, appium:databaseEnabled: false, appium:deviceName: iphone 14, appium:deviceOrientation: PORTRAIT, appium:javascriptEnabled: true, appium:keychainPassword: [REDACTED VALUE], appium:keychainPath: [REDACTED VALUE], appium:locationContextEnabled: false, appium:name: wikipedia search test - ios, appium:networkConnectionEnabled: false, appium:newCommandTimeout: 0, appium:noReset: true, appium:orientation: PORTRAIT, appium:os_version: 16, appium:project: wikipedia ios test, appium:realMobile: true, appium:safariIgnoreFraudWarning: true, appium:safariInitialUrl: http://mobile-internet-chec..., appium:takesScreenshot: true, appium:udid: 00008110-000C61420111401E, appium:useXctestrunFile: true, appium:waitForQuiescence: false, appium:wdaStartupRetries: 3, appium:webStorageEnabled: false, appium:webkitResponseTimeout: 20000, bstack:options: {accessKey: WkawewzDsyzzeyJ1CkDZ, userName: adityabiswas_SDJd3R}, platformName: IOS}
Session ID: 384d189eb69640de42d6c55bda0c666cd06b51fe
	at java.base/jdk.internal.reflect.DirectConstructorHandleAccessor.newInstance(DirectConstructorHandleAccessor.java:62)
	at java.base/java.lang.reflect.Constructor.newInstanceWithCaller(Constructor.java:502)
	at java.base/java.lang.reflect.Constructor.newInstance(Constructor.java:486)
	at org.openqa.selenium.remote.codec.w3c.W3CHttpResponseCodec.createException(W3CHttpResponseCodec.java:200)
	at org.openqa.selenium.remote.codec.w3c.W3CHttpResponseCodec.decode(W3CHttpResponseCodec.java:133)
	at org.openqa.selenium.remote.codec.w3c.W3CHttpResponseCodec.decode(W3CHttpResponseCodec.java:53)
	at org.openqa.selenium.remote.HttpCommandExecutor.execute(HttpCommandExecutor.java:193)
	at io.appium.java_client.remote.AppiumCommandExecutor.execute(AppiumCommandExecutor.java:262)
	at org.openqa.selenium.remote.RemoteWebDriver.execute(RemoteWebDriver.java:543)
	at org.openqa.selenium.remote.ElementLocation$ElementFinder$2.findElement(ElementLocation.java:162)
	at org.openqa.selenium.remote.ElementLocation.findElement(ElementLocation.java:66)
	at org.openqa.selenium.remote.RemoteWebDriver.findElement(RemoteWebDriver.java:352)
	at org.openqa.selenium.remote.RemoteWebDriver.findElement(RemoteWebDriver.java:344)
	at com.browserstack.app.WikipediaSearchiOSTest.searchForBrowserStack(WikipediaSearchiOSTest.java:50)
	at java.base/jdk.internal.reflect.DirectMethodHandleAccessor.invoke(DirectMethodHandleAccessor.java:103)
	at java.base/java.lang.reflect.Method.invoke(Method.java:580)
	at org.testng.internal.invokers.MethodInvocationHelper.invokeMethod(MethodInvocationHelper.java:139)
	at org.testng.internal.invokers.TestInvoker.invokeMethod(TestInvoker.java:664)
	at org.testng.internal.invokers.TestInvoker.invokeTestMethod(TestInvoker.java:227)
	at org.testng.internal.invokers.MethodRunner.runInSequence(MethodRunner.java:50)
	at org.testng.internal.invokers.TestInvoker$MethodInvocationAgent.invoke(TestInvoker.java:957)
	at org.testng.internal.invokers.TestInvoker.invokeTestMethods(TestInvoker.java:200)
	at org.testng.internal.invokers.TestMethodWorker.invokeTestMethods(TestMethodWorker.java:148)
	at org.testng.internal.invokers.TestMethodWorker.run(TestMethodWorker.java:128)
	at java.base/java.util.ArrayList.forEach(ArrayList.java:1596)
	at org.testng.TestRunner.privateRun(TestRunner.java:848)
	at org.testng.TestRunner.run(TestRunner.java:621)
	at org.testng.SuiteRunner.runTest(SuiteRunner.java:443)
	at org.testng.SuiteRunner.runSequentially(SuiteRunner.java:437)
	at org.testng.SuiteRunner.privateRun(SuiteRunner.java:397)
	at org.testng.SuiteRunner.run(SuiteRunner.java:336)
	at org.testng.SuiteRunnerWorker.runSuite(SuiteRunnerWorker.java:52)
	at org.testng.SuiteRunnerWorker.run(SuiteRunnerWorker.java:95)
	at org.testng.TestNG.runSuitesSequentially(TestNG.java:1280)
	at org.testng.TestNG.runSuitesLocally(TestNG.java:1200)
	at org.testng.TestNG.runSuites(TestNG.java:1114)
	at org.testng.TestNG.run(TestNG.java:1082)
	at org.apache.maven.surefire.testng.TestNGExecutor.run(TestNGExecutor.java:308)
	at org.apache.maven.surefire.testng.TestNGXmlTestSuite.execute(TestNGXmlTestSuite.java:71)
	at org.apache.maven.surefire.testng.TestNGProvider.invoke(TestNGProvider.java:113)
	at org.apache.maven.surefire.booter.ForkedBooter.runSuitesInProcess(ForkedBooter.java:385)
	at org.apache.maven.surefire.booter.ForkedBooter.execute(ForkedBooter.java:162)
	at org.apache.maven.surefire.booter.ForkedBooter.run(ForkedBooter.java:507)
	at org.apache.maven.surefire.booter.ForkedBooter.main(ForkedBooter.java:495)
]]></failure>
  </testcase>
</testsuite>