<?xml version="1.0" encoding="UTF-8"?>
<!-- Generated by org.testng.reporters.JUnitReportReporter -->
<testsuite hostname="AdityaBiswas-KX0N72DGTW" failures="0" tests="1" name="com.browserstack.app.WikipediaSearchTest" time="8.011" errors="0" timestamp="2025-05-19T18:00:40 IST" skipped="0">
  <testcase classname="com.browserstack.app.WikipediaSearchTest" name="searchForBrowserStack" time="8.011"/>
</testsuite> <!-- com.browserstack.app.WikipediaSearchTest -->
